<?xml version="1.0" encoding="UTF-8"?><testsuite failures="2" name="cucumber.runtime.formatter.JUnitFormatter" skipped="0" tests="2" time="165.439959">
<testcase classname="Verification of SalesForce Manage Question" name="Salesforce Manage question" time="83.857035">
<failure message="org.openqa.selenium.NoSuchElementException: no such element: Unable to locate element: {&quot;method&quot;:&quot;xpath&quot;,&quot;selector&quot;:&quot;//iframe[@allowfullscreen='true']&quot;}&#10;  (Session info: chrome=72.0.3626.81)&#10;  (Driver info: chromedriver=2.45.615291 (ec3682e3c9061c10f26ea9e5cdcf3c53f3f74387),platform=Windows NT 6.1.7601 SP1 x86_64) (WARNING: The server did not provide any stacktrace information)&#10;Command duration or timeout: 30.03 seconds&#10;For documentation on this error, please visit: http://seleniumhq.org/exceptions/no_such_element.html&#10;Build info: version: '2.45.0', revision: '5017cb8e7ca8e37638dc3091b2440b90a1d8686f', time: '2015-02-27 09:10:26'&#10;System info: host: 'Machine-102', ip: '192.168.5.102', os.name: 'Windows 7', os.arch: 'amd64', os.version: '6.1', java.version: '1.8.0_161'&#10;Driver info: org.openqa.selenium.chrome.ChromeDriver&#10;Capabilities [{mobileEmulationEnabled=false, timeouts={implicit=0, pageLoad=300000, script=30000}, hasTouchScreen=false, platform=XP, acceptSslCerts=false, goog:chromeOptions={debuggerAddress=localhost:62732}, acceptInsecureCerts=false, webStorageEnabled=true, browserName=chrome, takesScreenshot=true, javascriptEnabled=true, setWindowRect=true, unexpectedAlertBehaviour=ignore, applicationCacheEnabled=false, rotatable=false, networkConnectionEnabled=false, chrome={chromedriverVersion=2.45.615291 (ec3682e3c9061c10f26ea9e5cdcf3c53f3f74387), userDataDir=C:\Users\user\AppData\Local\Temp\scoped_dir4608_7878}, takesHeapSnapshot=true, pageLoadStrategy=normal, strictFileInteractability=false, databaseEnabled=false, handlesAlerts=true, version=72.0.3626.81, browserConnectionEnabled=false, proxy={}, nativeEvents=true, locationContextEnabled=true, cssSelectorsEnabled=true}]&#10;Session ID: 90a431930fe51e14c9d1ed8581bbe58b&#10;*** Element info: {Using=xpath, value=//iframe[@allowfullscreen='true']}&#13;&#10;&#9;at sun.reflect.NativeConstructorAccessorImpl.newInstance0(Native Method)&#13;&#10;&#9;at sun.reflect.NativeConstructorAccessorImpl.newInstance(NativeConstructorAccessorImpl.java:62)&#13;&#10;&#9;at sun.reflect.DelegatingConstructorAccessorImpl.newInstance(DelegatingConstructorAccessorImpl.java:45)&#13;&#10;&#9;at java.lang.reflect.Constructor.newInstance(Constructor.java:423)&#13;&#10;&#9;at org.openqa.selenium.remote.ErrorHandler.createThrowable(ErrorHandler.java:204)&#13;&#10;&#9;at org.openqa.selenium.remote.ErrorHandler.throwIfResponseFailed(ErrorHandler.java:156)&#13;&#10;&#9;at org.openqa.selenium.remote.RemoteWebDriver.execute(RemoteWebDriver.java:599)&#13;&#10;&#9;at org.openqa.selenium.remote.RemoteWebDriver.findElement(RemoteWebDriver.java:352)&#13;&#10;&#9;at org.openqa.selenium.remote.RemoteWebDriver.findElementByXPath(RemoteWebDriver.java:449)&#13;&#10;&#9;at org.openqa.selenium.By$ByXPath.findElement(By.java:357)&#13;&#10;&#9;at org.openqa.selenium.remote.RemoteWebDriver.findElement(RemoteWebDriver.java:344)&#13;&#10;&#9;at com.face.pageFactory.SalesForceLoginPage.clickOnCreateNewTab(SalesForceLoginPage.java:209)&#13;&#10;&#9;at com.face.stepDefinitions.SalesForce.ClickonCreateNewTab(SalesForce.java:66)&#13;&#10;&#9;at ✽.Then Click on Create New Tab(ManageQuestion.feature:11)&#13;&#10;"><![CDATA[Given Enter SalesForce UserName pritam.survey@aress.com.....................passed
Then Enter SalesForce password Aress12345$..................................passed
Then Click on SalesForce Login button.......................................passed
Then Click on Home..........................................................passed
Then Click on Survey launcher...............................................passed
Then Click on Manage questions..............................................passed
Then Click on Create New Tab................................................failed
Then Enter New Question for FreeText type rate your day.....................skipped
Then Select Required checkbox...............................................skipped
Then Click on Save button to save the question..............................skipped
Then Click on Create new....................................................skipped
Then Enter New Question for Radio type rate your week.......................skipped
Then Select Type of Question as Radio.......................................skipped
Then Select Required checkbox...............................................skipped
Then Select Weightage value as 2 from dropdown 2............................skipped
Then Click on Add Options...................................................skipped
Then Set option name1 as good Good..........................................skipped
Then Select Score as 4 from dropdown 4......................................skipped
Then Click on Add Options...................................................skipped
Then Set option name2 as better Better......................................skipped
Then Select Score as 5 from dropdown 5......................................skipped
Then Click on Save button to save the question..............................skipped
Then Click on Create new....................................................skipped
Then Enter New Question as Slider rate your month...........................skipped
Then Select Type of Question as Slider......................................skipped
Then Select Weightage value as 2 from dropdown 2............................skipped
Then Click on Save button to save the question..............................skipped

StackTrace:
org.openqa.selenium.NoSuchElementException: no such element: Unable to locate element: {"method":"xpath","selector":"//iframe[@allowfullscreen='true']"}
  (Session info: chrome=72.0.3626.81)
  (Driver info: chromedriver=2.45.615291 (ec3682e3c9061c10f26ea9e5cdcf3c53f3f74387),platform=Windows NT 6.1.7601 SP1 x86_64) (WARNING: The server did not provide any stacktrace information)
Command duration or timeout: 30.03 seconds
For documentation on this error, please visit: http://seleniumhq.org/exceptions/no_such_element.html
Build info: version: '2.45.0', revision: '5017cb8e7ca8e37638dc3091b2440b90a1d8686f', time: '2015-02-27 09:10:26'
System info: host: 'Machine-102', ip: '192.168.5.102', os.name: 'Windows 7', os.arch: 'amd64', os.version: '6.1', java.version: '1.8.0_161'
Driver info: org.openqa.selenium.chrome.ChromeDriver
Capabilities [{mobileEmulationEnabled=false, timeouts={implicit=0, pageLoad=300000, script=30000}, hasTouchScreen=false, platform=XP, acceptSslCerts=false, goog:chromeOptions={debuggerAddress=localhost:62732}, acceptInsecureCerts=false, webStorageEnabled=true, browserName=chrome, takesScreenshot=true, javascriptEnabled=true, setWindowRect=true, unexpectedAlertBehaviour=ignore, applicationCacheEnabled=false, rotatable=false, networkConnectionEnabled=false, chrome={chromedriverVersion=2.45.615291 (ec3682e3c9061c10f26ea9e5cdcf3c53f3f74387), userDataDir=C:\Users\user\AppData\Local\Temp\scoped_dir4608_7878}, takesHeapSnapshot=true, pageLoadStrategy=normal, strictFileInteractability=false, databaseEnabled=false, handlesAlerts=true, version=72.0.3626.81, browserConnectionEnabled=false, proxy={}, nativeEvents=true, locationContextEnabled=true, cssSelectorsEnabled=true}]
Session ID: 90a431930fe51e14c9d1ed8581bbe58b
*** Element info: {Using=xpath, value=//iframe[@allowfullscreen='true']}
	at sun.reflect.NativeConstructorAccessorImpl.newInstance0(Native Method)
	at sun.reflect.NativeConstructorAccessorImpl.newInstance(NativeConstructorAccessorImpl.java:62)
	at sun.reflect.DelegatingConstructorAccessorImpl.newInstance(DelegatingConstructorAccessorImpl.java:45)
	at java.lang.reflect.Constructor.newInstance(Constructor.java:423)
	at org.openqa.selenium.remote.ErrorHandler.createThrowable(ErrorHandler.java:204)
	at org.openqa.selenium.remote.ErrorHandler.throwIfResponseFailed(ErrorHandler.java:156)
	at org.openqa.selenium.remote.RemoteWebDriver.execute(RemoteWebDriver.java:599)
	at org.openqa.selenium.remote.RemoteWebDriver.findElement(RemoteWebDriver.java:352)
	at org.openqa.selenium.remote.RemoteWebDriver.findElementByXPath(RemoteWebDriver.java:449)
	at org.openqa.selenium.By$ByXPath.findElement(By.java:357)
	at org.openqa.selenium.remote.RemoteWebDriver.findElement(RemoteWebDriver.java:344)
	at com.face.pageFactory.SalesForceLoginPage.clickOnCreateNewTab(SalesForceLoginPage.java:209)
	at com.face.stepDefinitions.SalesForce.ClickonCreateNewTab(SalesForce.java:66)
	at ✽.Then Click on Create New Tab(ManageQuestion.feature:11)
]]></failure>
</testcase>
<testcase classname="Verification of SalesForce Manage Survey" name="Salesforce Manage survey module" time="81.582924">
<failure message="org.openqa.selenium.NoSuchElementException: no such element: Unable to locate element: {&quot;method&quot;:&quot;xpath&quot;,&quot;selector&quot;:&quot;//iframe[@allowfullscreen='true']&quot;}&#10;  (Session info: chrome=72.0.3626.81)&#10;  (Driver info: chromedriver=2.45.615291 (ec3682e3c9061c10f26ea9e5cdcf3c53f3f74387),platform=Windows NT 6.1.7601 SP1 x86_64) (WARNING: The server did not provide any stacktrace information)&#10;Command duration or timeout: 30.00 seconds&#10;For documentation on this error, please visit: http://seleniumhq.org/exceptions/no_such_element.html&#10;Build info: version: '2.45.0', revision: '5017cb8e7ca8e37638dc3091b2440b90a1d8686f', time: '2015-02-27 09:10:26'&#10;System info: host: 'Machine-102', ip: '192.168.5.102', os.name: 'Windows 7', os.arch: 'amd64', os.version: '6.1', java.version: '1.8.0_161'&#10;Driver info: org.openqa.selenium.chrome.ChromeDriver&#10;Capabilities [{mobileEmulationEnabled=false, timeouts={implicit=0, pageLoad=300000, script=30000}, hasTouchScreen=false, platform=XP, acceptSslCerts=false, goog:chromeOptions={debuggerAddress=localhost:62813}, acceptInsecureCerts=false, webStorageEnabled=true, browserName=chrome, takesScreenshot=true, javascriptEnabled=true, setWindowRect=true, unexpectedAlertBehaviour=ignore, applicationCacheEnabled=false, rotatable=false, networkConnectionEnabled=false, chrome={chromedriverVersion=2.45.615291 (ec3682e3c9061c10f26ea9e5cdcf3c53f3f74387), userDataDir=C:\Users\user\AppData\Local\Temp\scoped_dir5508_28343}, takesHeapSnapshot=true, pageLoadStrategy=normal, strictFileInteractability=false, databaseEnabled=false, handlesAlerts=true, version=72.0.3626.81, browserConnectionEnabled=false, proxy={}, nativeEvents=true, locationContextEnabled=true, cssSelectorsEnabled=true}]&#10;Session ID: 60245d14d5e221fb1ddade7e50cd222b&#10;*** Element info: {Using=xpath, value=//iframe[@allowfullscreen='true']}&#13;&#10;&#9;at sun.reflect.NativeConstructorAccessorImpl.newInstance0(Native Method)&#13;&#10;&#9;at sun.reflect.NativeConstructorAccessorImpl.newInstance(NativeConstructorAccessorImpl.java:62)&#13;&#10;&#9;at sun.reflect.DelegatingConstructorAccessorImpl.newInstance(DelegatingConstructorAccessorImpl.java:45)&#13;&#10;&#9;at java.lang.reflect.Constructor.newInstance(Constructor.java:423)&#13;&#10;&#9;at org.openqa.selenium.remote.ErrorHandler.createThrowable(ErrorHandler.java:204)&#13;&#10;&#9;at org.openqa.selenium.remote.ErrorHandler.throwIfResponseFailed(ErrorHandler.java:156)&#13;&#10;&#9;at org.openqa.selenium.remote.RemoteWebDriver.execute(RemoteWebDriver.java:599)&#13;&#10;&#9;at org.openqa.selenium.remote.RemoteWebDriver.findElement(RemoteWebDriver.java:352)&#13;&#10;&#9;at org.openqa.selenium.remote.RemoteWebDriver.findElementByXPath(RemoteWebDriver.java:449)&#13;&#10;&#9;at org.openqa.selenium.By$ByXPath.findElement(By.java:357)&#13;&#10;&#9;at org.openqa.selenium.remote.RemoteWebDriver.findElement(RemoteWebDriver.java:344)&#13;&#10;&#9;at com.face.pageFactory.SalesForceLoginPage.clickOnCreateNewTab(SalesForceLoginPage.java:209)&#13;&#10;&#9;at com.face.stepDefinitions.SalesForce.ClickonCreateNewTab(SalesForce.java:66)&#13;&#10;&#9;at ✽.Then Click on Create New Tab(ManageSurvey.feature:11)&#13;&#10;"><![CDATA[Given Enter SalesForce UserName pritam.survey@aress.com.....................passed
Then Enter SalesForce password Aress12345$..................................passed
Then Click on SalesForce Login button.......................................passed
Then Click on Home..........................................................passed
Then Click on Survey launcher...............................................passed
Then Click on Manage Survey.................................................passed
Then Click on Create New Tab................................................failed
Then Enter title for the survey Testing.....................................skipped
Then Enter description qwertyuiui...........................................skipped
Then Enter expiration days 1................................................skipped
Then Select date............................................................skipped
Then Click on Next button...................................................skipped
Then Click on select questions from library.................................skipped
Then Enter text to search the question from library rate your...............skipped
Then Click on filter........................................................skipped
Then Select first question..................................................skipped
Then Select second question.................................................skipped
Then Select third question..................................................skipped
Then Click on assign question...............................................skipped
Then Click on Create new question...........................................skipped
Then Enter question title rate your year....................................skipped
Then Select type of question multiselect....................................skipped
Then Click on add options...................................................skipped
Then Enter option name GOOD.................................................skipped
Then Select Score as 4 from dropdown 3......................................skipped
Then Click on create question...............................................skipped
Then Click on Back to Survey question List..................................skipped
Then Click on Next button...................................................skipped
Then Navigate to custom email tab...........................................skipped
Then Enter email ID rutuja.gaikwad@aressindia.net...........................skipped
Then Click on Next to send survey page......................................skipped
Then Click on send survey button............................................skipped
Then verify the success response............................................skipped

StackTrace:
org.openqa.selenium.NoSuchElementException: no such element: Unable to locate element: {"method":"xpath","selector":"//iframe[@allowfullscreen='true']"}
  (Session info: chrome=72.0.3626.81)
  (Driver info: chromedriver=2.45.615291 (ec3682e3c9061c10f26ea9e5cdcf3c53f3f74387),platform=Windows NT 6.1.7601 SP1 x86_64) (WARNING: The server did not provide any stacktrace information)
Command duration or timeout: 30.00 seconds
For documentation on this error, please visit: http://seleniumhq.org/exceptions/no_such_element.html
Build info: version: '2.45.0', revision: '5017cb8e7ca8e37638dc3091b2440b90a1d8686f', time: '2015-02-27 09:10:26'
System info: host: 'Machine-102', ip: '192.168.5.102', os.name: 'Windows 7', os.arch: 'amd64', os.version: '6.1', java.version: '1.8.0_161'
Driver info: org.openqa.selenium.chrome.ChromeDriver
Capabilities [{mobileEmulationEnabled=false, timeouts={implicit=0, pageLoad=300000, script=30000}, hasTouchScreen=false, platform=XP, acceptSslCerts=false, goog:chromeOptions={debuggerAddress=localhost:62813}, acceptInsecureCerts=false, webStorageEnabled=true, browserName=chrome, takesScreenshot=true, javascriptEnabled=true, setWindowRect=true, unexpectedAlertBehaviour=ignore, applicationCacheEnabled=false, rotatable=false, networkConnectionEnabled=false, chrome={chromedriverVersion=2.45.615291 (ec3682e3c9061c10f26ea9e5cdcf3c53f3f74387), userDataDir=C:\Users\user\AppData\Local\Temp\scoped_dir5508_28343}, takesHeapSnapshot=true, pageLoadStrategy=normal, strictFileInteractability=false, databaseEnabled=false, handlesAlerts=true, version=72.0.3626.81, browserConnectionEnabled=false, proxy={}, nativeEvents=true, locationContextEnabled=true, cssSelectorsEnabled=true}]
Session ID: 60245d14d5e221fb1ddade7e50cd222b
*** Element info: {Using=xpath, value=//iframe[@allowfullscreen='true']}
	at sun.reflect.NativeConstructorAccessorImpl.newInstance0(Native Method)
	at sun.reflect.NativeConstructorAccessorImpl.newInstance(NativeConstructorAccessorImpl.java:62)
	at sun.reflect.DelegatingConstructorAccessorImpl.newInstance(DelegatingConstructorAccessorImpl.java:45)
	at java.lang.reflect.Constructor.newInstance(Constructor.java:423)
	at org.openqa.selenium.remote.ErrorHandler.createThrowable(ErrorHandler.java:204)
	at org.openqa.selenium.remote.ErrorHandler.throwIfResponseFailed(ErrorHandler.java:156)
	at org.openqa.selenium.remote.RemoteWebDriver.execute(RemoteWebDriver.java:599)
	at org.openqa.selenium.remote.RemoteWebDriver.findElement(RemoteWebDriver.java:352)
	at org.openqa.selenium.remote.RemoteWebDriver.findElementByXPath(RemoteWebDriver.java:449)
	at org.openqa.selenium.By$ByXPath.findElement(By.java:357)
	at org.openqa.selenium.remote.RemoteWebDriver.findElement(RemoteWebDriver.java:344)
	at com.face.pageFactory.SalesForceLoginPage.clickOnCreateNewTab(SalesForceLoginPage.java:209)
	at com.face.stepDefinitions.SalesForce.ClickonCreateNewTab(SalesForce.java:66)
	at ✽.Then Click on Create New Tab(ManageSurvey.feature:11)
]]></failure>
</testcase>
</testsuite>
