<?xml version="1.0" encoding="UTF-8"?>
<testsuite xmlns:xsi="http://www.w3.org/2001/XMLSchema-instance" xsi:schemaLocation="https://maven.apache.org/surefire/maven-surefire-plugin/xsd/surefire-test-report.xsd" name="com.testRunners.RunnerTest" time="171.236" tests="62" errors="4" skipped="46" failures="0">
  <properties>
[...]
</properties>
  <testcase name="Given Enter SalesForce UserName pritam.survey@aress.com" classname="| pritam.survey@aress.com | Aress12345$ | rate your day | rate your week | Good | Better | rate your month | 2 | 4 | 5 |" time="0.002"/>
  <testcase name="Then Enter SalesForce password Aress12345$" classname="| pritam.survey@aress.com | Aress12345$ | rate your day | rate your week | Good | Better | rate your month | 2 | 4 | 5 |" time="0.001"/>
  <testcase name="Then Click on SalesForce Login button" classname="| pritam.survey@aress.com | Aress12345$ | rate your day | rate your week | Good | Better | rate your month | 2 | 4 | 5 |" time="0"/>
  <testcase name="Then Click on Home" classname="| pritam.survey@aress.com | Aress12345$ | rate your day | rate your week | Good | Better | rate your month | 2 | 4 | 5 |" time="0"/>
  <testcase name="Then Click on Survey launcher" classname="| pritam.survey@aress.com | Aress12345$ | rate your day | rate your week | Good | Better | rate your month | 2 | 4 | 5 |" time="0"/>
  <testcase name="Then Click on Manage questions" classname="| pritam.survey@aress.com | Aress12345$ | rate your day | rate your week | Good | Better | rate your month | 2 | 4 | 5 |" time="0"/>
  <testcase name="Then Click on Create New Tab" classname="| pritam.survey@aress.com | Aress12345$ | rate your day | rate your week | Good | Better | rate your month | 2 | 4 | 5 |" time="0.015">
    <error message="no such element: Unable to locate element: {&quot;method&quot;:&quot;xpath&quot;,&quot;selector&quot;:&quot;//iframe[@allowfullscreen=&apos;true&apos;]&quot;}&#10;  (Session info: chrome=72.0.3626.81)&#10;  (Driver info: chromedriver=2.45.615291 (ec3682e3c9061c10f26ea9e5cdcf3c53f3f74387),platform=Windows NT 6.1.7601 SP1 x86_64) (WARNING: The server did not provide any stacktrace information)&#10;Command duration or timeout: 30.03 seconds&#10;For documentation on this error, please visit: http://seleniumhq.org/exceptions/no_such_element.html&#10;Build info: version: &apos;2.45.0&apos;, revision: &apos;5017cb8e7ca8e37638dc3091b2440b90a1d8686f&apos;, time: &apos;2015-02-27 09:10:26&apos;&#10;System info: host: &apos;Machine-102&apos;, ip: &apos;192.168.5.102&apos;, os.name: &apos;Windows 7&apos;, os.arch: &apos;amd64&apos;, os.version: &apos;6.1&apos;, java.version: &apos;1.8.0_161&apos;&#10;Driver info: org.openqa.selenium.chrome.ChromeDriver&#10;Capabilities [{mobileEmulationEnabled=false, timeouts={implicit=0, pageLoad=300000, script=30000}, hasTouchScreen=false, platform=XP, acceptSslCerts=false, goog:chromeOptions={debuggerAddress=localhost:62732}, acceptInsecureCerts=false, webStorageEnabled=true, browserName=chrome, takesScreenshot=true, javascriptEnabled=true, setWindowRect=true, unexpectedAlertBehaviour=ignore, applicationCacheEnabled=false, rotatable=false, networkConnectionEnabled=false, chrome={chromedriverVersion=2.45.615291 (ec3682e3c9061c10f26ea9e5cdcf3c53f3f74387), userDataDir=C:\Users\user\AppData\Local\Temp\scoped_dir4608_7878}, takesHeapSnapshot=true, pageLoadStrategy=normal, strictFileInteractability=false, databaseEnabled=false, handlesAlerts=true, version=72.0.3626.81, browserConnectionEnabled=false, proxy={}, nativeEvents=true, locationContextEnabled=true, cssSelectorsEnabled=true}]&#10;Session ID: 90a431930fe51e14c9d1ed8581bbe58b&#10;*** Element info: {Using=xpath, value=//iframe[@allowfullscreen=&apos;true&apos;]}" type="org.openqa.selenium.NoSuchElementException">org.openqa.selenium.NoSuchElementException: 
no such element: Unable to locate element: {"method":"xpath","selector":"//iframe[@allowfullscreen='true']"}
  (Session info: chrome=72.0.3626.81)
  (Driver info: chromedriver=2.45.615291 (ec3682e3c9061c10f26ea9e5cdcf3c53f3f74387),platform=Windows NT 6.1.7601 SP1 x86_64) (WARNING: The server did not provide any stacktrace information)
Command duration or timeout: 30.03 seconds
For documentation on this error, please visit: http://seleniumhq.org/exceptions/no_such_element.html
Build info: version: '2.45.0', revision: '5017cb8e7ca8e37638dc3091b2440b90a1d8686f', time: '2015-02-27 09:10:26'
System info: host: 'Machine-102', ip: '192.168.5.102', os.name: 'Windows 7', os.arch: 'amd64', os.version: '6.1', java.version: '1.8.0_161'
Driver info: org.openqa.selenium.chrome.ChromeDriver
Capabilities [{mobileEmulationEnabled=false, timeouts={implicit=0, pageLoad=300000, script=30000}, hasTouchScreen=false, platform=XP, acceptSslCerts=false, goog:chromeOptions={debuggerAddress=localhost:62732}, acceptInsecureCerts=false, webStorageEnabled=true, browserName=chrome, takesScreenshot=true, javascriptEnabled=true, setWindowRect=true, unexpectedAlertBehaviour=ignore, applicationCacheEnabled=false, rotatable=false, networkConnectionEnabled=false, chrome={chromedriverVersion=2.45.615291 (ec3682e3c9061c10f26ea9e5cdcf3c53f3f74387), userDataDir=C:\Users\user\AppData\Local\Temp\scoped_dir4608_7878}, takesHeapSnapshot=true, pageLoadStrategy=normal, strictFileInteractability=false, databaseEnabled=false, handlesAlerts=true, version=72.0.3626.81, browserConnectionEnabled=false, proxy={}, nativeEvents=true, locationContextEnabled=true, cssSelectorsEnabled=true}]
Session ID: 90a431930fe51e14c9d1ed8581bbe58b
*** Element info: {Using=xpath, value=//iframe[@allowfullscreen='true']}
</error>
  </testcase>
  <testcase name="| pritam.survey@aress.com | Aress12345$ | rate your day | rate your week | Good | Better | rate your month | 2 | 4 | 5 |" classname="| pritam.survey@aress.com | Aress12345$ | rate your day | rate your week | Good | Better | rate your month | 2 | 4 | 5 |" time="0.015">
    <error message="no such element: Unable to locate element: {&quot;method&quot;:&quot;xpath&quot;,&quot;selector&quot;:&quot;//iframe[@allowfullscreen=&apos;true&apos;]&quot;}&#10;  (Session info: chrome=72.0.3626.81)&#10;  (Driver info: chromedriver=2.45.615291 (ec3682e3c9061c10f26ea9e5cdcf3c53f3f74387),platform=Windows NT 6.1.7601 SP1 x86_64) (WARNING: The server did not provide any stacktrace information)&#10;Command duration or timeout: 30.03 seconds&#10;For documentation on this error, please visit: http://seleniumhq.org/exceptions/no_such_element.html&#10;Build info: version: &apos;2.45.0&apos;, revision: &apos;5017cb8e7ca8e37638dc3091b2440b90a1d8686f&apos;, time: &apos;2015-02-27 09:10:26&apos;&#10;System info: host: &apos;Machine-102&apos;, ip: &apos;192.168.5.102&apos;, os.name: &apos;Windows 7&apos;, os.arch: &apos;amd64&apos;, os.version: &apos;6.1&apos;, java.version: &apos;1.8.0_161&apos;&#10;Driver info: org.openqa.selenium.chrome.ChromeDriver&#10;Capabilities [{mobileEmulationEnabled=false, timeouts={implicit=0, pageLoad=300000, script=30000}, hasTouchScreen=false, platform=XP, acceptSslCerts=false, goog:chromeOptions={debuggerAddress=localhost:62732}, acceptInsecureCerts=false, webStorageEnabled=true, browserName=chrome, takesScreenshot=true, javascriptEnabled=true, setWindowRect=true, unexpectedAlertBehaviour=ignore, applicationCacheEnabled=false, rotatable=false, networkConnectionEnabled=false, chrome={chromedriverVersion=2.45.615291 (ec3682e3c9061c10f26ea9e5cdcf3c53f3f74387), userDataDir=C:\Users\user\AppData\Local\Temp\scoped_dir4608_7878}, takesHeapSnapshot=true, pageLoadStrategy=normal, strictFileInteractability=false, databaseEnabled=false, handlesAlerts=true, version=72.0.3626.81, browserConnectionEnabled=false, proxy={}, nativeEvents=true, locationContextEnabled=true, cssSelectorsEnabled=true}]&#10;Session ID: 90a431930fe51e14c9d1ed8581bbe58b&#10;*** Element info: {Using=xpath, value=//iframe[@allowfullscreen=&apos;true&apos;]}" type="org.openqa.selenium.NoSuchElementException">org.openqa.selenium.NoSuchElementException: 
no such element: Unable to locate element: {"method":"xpath","selector":"//iframe[@allowfullscreen='true']"}
  (Session info: chrome=72.0.3626.81)
  (Driver info: chromedriver=2.45.615291 (ec3682e3c9061c10f26ea9e5cdcf3c53f3f74387),platform=Windows NT 6.1.7601 SP1 x86_64) (WARNING: The server did not provide any stacktrace information)
Command duration or timeout: 30.03 seconds
For documentation on this error, please visit: http://seleniumhq.org/exceptions/no_such_element.html
Build info: version: '2.45.0', revision: '5017cb8e7ca8e37638dc3091b2440b90a1d8686f', time: '2015-02-27 09:10:26'
System info: host: 'Machine-102', ip: '192.168.5.102', os.name: 'Windows 7', os.arch: 'amd64', os.version: '6.1', java.version: '1.8.0_161'
Driver info: org.openqa.selenium.chrome.ChromeDriver
Capabilities [{mobileEmulationEnabled=false, timeouts={implicit=0, pageLoad=300000, script=30000}, hasTouchScreen=false, platform=XP, acceptSslCerts=false, goog:chromeOptions={debuggerAddress=localhost:62732}, acceptInsecureCerts=false, webStorageEnabled=true, browserName=chrome, takesScreenshot=true, javascriptEnabled=true, setWindowRect=true, unexpectedAlertBehaviour=ignore, applicationCacheEnabled=false, rotatable=false, networkConnectionEnabled=false, chrome={chromedriverVersion=2.45.615291 (ec3682e3c9061c10f26ea9e5cdcf3c53f3f74387), userDataDir=C:\Users\user\AppData\Local\Temp\scoped_dir4608_7878}, takesHeapSnapshot=true, pageLoadStrategy=normal, strictFileInteractability=false, databaseEnabled=false, handlesAlerts=true, version=72.0.3626.81, browserConnectionEnabled=false, proxy={}, nativeEvents=true, locationContextEnabled=true, cssSelectorsEnabled=true}]
Session ID: 90a431930fe51e14c9d1ed8581bbe58b
*** Element info: {Using=xpath, value=//iframe[@allowfullscreen='true']}
</error>
  </testcase>
  <testcase name="Then Enter New Question for FreeText type rate your day" classname="| pritam.survey@aress.com | Aress12345$ | rate your day | rate your week | Good | Better | rate your month | 2 | 4 | 5 |" time="0">
    <skipped/>
  </testcase>
  <testcase name="Then Select Required checkbox" classname="| pritam.survey@aress.com | Aress12345$ | rate your day | rate your week | Good | Better | rate your month | 2 | 4 | 5 |" time="0">
    <skipped/>
  </testcase>
  <testcase name="Then Select Required checkbox" classname="| pritam.survey@aress.com | Aress12345$ | rate your day | rate your week | Good | Better | rate your month | 2 | 4 | 5 |" time="0">
    <skipped/>
  </testcase>
  <testcase name="Then Click on Save button to save the question" classname="| pritam.survey@aress.com | Aress12345$ | rate your day | rate your week | Good | Better | rate your month | 2 | 4 | 5 |" time="0">
    <skipped/>
  </testcase>
  <testcase name="Then Click on Save button to save the question" classname="| pritam.survey@aress.com | Aress12345$ | rate your day | rate your week | Good | Better | rate your month | 2 | 4 | 5 |" time="0">
    <skipped/>
  </testcase>
  <testcase name="Then Click on Save button to save the question" classname="| pritam.survey@aress.com | Aress12345$ | rate your day | rate your week | Good | Better | rate your month | 2 | 4 | 5 |" time="0">
    <skipped/>
  </testcase>
  <testcase name="Then Click on Create new" classname="| pritam.survey@aress.com | Aress12345$ | rate your day | rate your week | Good | Better | rate your month | 2 | 4 | 5 |" time="0">
    <skipped/>
  </testcase>
  <testcase name="Then Click on Create new" classname="| pritam.survey@aress.com | Aress12345$ | rate your day | rate your week | Good | Better | rate your month | 2 | 4 | 5 |" time="0">
    <skipped/>
  </testcase>
  <testcase name="Then Enter New Question for Radio type rate your week" classname="| pritam.survey@aress.com | Aress12345$ | rate your day | rate your week | Good | Better | rate your month | 2 | 4 | 5 |" time="0">
    <skipped/>
  </testcase>
  <testcase name="Then Select Type of Question as Radio" classname="| pritam.survey@aress.com | Aress12345$ | rate your day | rate your week | Good | Better | rate your month | 2 | 4 | 5 |" time="0">
    <skipped/>
  </testcase>
  <testcase name="Then Select Weightage value as 2 from dropdown 2" classname="| pritam.survey@aress.com | Aress12345$ | rate your day | rate your week | Good | Better | rate your month | 2 | 4 | 5 |" time="0">
    <skipped/>
  </testcase>
  <testcase name="Then Select Weightage value as 2 from dropdown 2" classname="| pritam.survey@aress.com | Aress12345$ | rate your day | rate your week | Good | Better | rate your month | 2 | 4 | 5 |" time="0">
    <skipped/>
  </testcase>
  <testcase name="Then Click on Add Options" classname="| pritam.survey@aress.com | Aress12345$ | rate your day | rate your week | Good | Better | rate your month | 2 | 4 | 5 |" time="0">
    <skipped/>
  </testcase>
  <testcase name="Then Click on Add Options" classname="| pritam.survey@aress.com | Aress12345$ | rate your day | rate your week | Good | Better | rate your month | 2 | 4 | 5 |" time="0">
    <skipped/>
  </testcase>
  <testcase name="Then Set option name1 as good Good" classname="| pritam.survey@aress.com | Aress12345$ | rate your day | rate your week | Good | Better | rate your month | 2 | 4 | 5 |" time="0">
    <skipped/>
  </testcase>
  <testcase name="Then Select Score as 4 from dropdown 4" classname="| pritam.survey@aress.com | Aress12345$ | rate your day | rate your week | Good | Better | rate your month | 2 | 4 | 5 |" time="0">
    <skipped/>
  </testcase>
  <testcase name="Then Set option name2 as better Better" classname="| pritam.survey@aress.com | Aress12345$ | rate your day | rate your week | Good | Better | rate your month | 2 | 4 | 5 |" time="0">
    <skipped/>
  </testcase>
  <testcase name="Then Select Score as 5 from dropdown 5" classname="| pritam.survey@aress.com | Aress12345$ | rate your day | rate your week | Good | Better | rate your month | 2 | 4 | 5 |" time="0">
    <skipped/>
  </testcase>
  <testcase name="Then Enter New Question as Slider rate your month" classname="| pritam.survey@aress.com | Aress12345$ | rate your day | rate your week | Good | Better | rate your month | 2 | 4 | 5 |" time="0">
    <skipped/>
  </testcase>
  <testcase name="Then Select Type of Question as Slider" classname="| pritam.survey@aress.com | Aress12345$ | rate your day | rate your week | Good | Better | rate your month | 2 | 4 | 5 |" time="0">
    <skipped/>
  </testcase>
  <testcase name="Given Enter SalesForce UserName pritam.survey@aress.com" classname="| pritam.survey@aress.com | Aress12345$ | Testing | qwertyuiui | 1 | rate your | rate your year | 1 | GOOD | 3 | rutuja.gaikwad@aressindia.net | 3 |" time="0"/>
  <testcase name="Then Enter SalesForce password Aress12345$" classname="| pritam.survey@aress.com | Aress12345$ | Testing | qwertyuiui | 1 | rate your | rate your year | 1 | GOOD | 3 | rutuja.gaikwad@aressindia.net | 3 |" time="0"/>
  <testcase name="Then Click on SalesForce Login button" classname="| pritam.survey@aress.com | Aress12345$ | Testing | qwertyuiui | 1 | rate your | rate your year | 1 | GOOD | 3 | rutuja.gaikwad@aressindia.net | 3 |" time="0"/>
  <testcase name="Then Click on Home" classname="| pritam.survey@aress.com | Aress12345$ | Testing | qwertyuiui | 1 | rate your | rate your year | 1 | GOOD | 3 | rutuja.gaikwad@aressindia.net | 3 |" time="0"/>
  <testcase name="Then Click on Survey launcher" classname="| pritam.survey@aress.com | Aress12345$ | Testing | qwertyuiui | 1 | rate your | rate your year | 1 | GOOD | 3 | rutuja.gaikwad@aressindia.net | 3 |" time="0"/>
  <testcase name="Then Click on Manage Survey" classname="| pritam.survey@aress.com | Aress12345$ | Testing | qwertyuiui | 1 | rate your | rate your year | 1 | GOOD | 3 | rutuja.gaikwad@aressindia.net | 3 |" time="0"/>
  <testcase name="Then Click on Create New Tab" classname="| pritam.survey@aress.com | Aress12345$ | Testing | qwertyuiui | 1 | rate your | rate your year | 1 | GOOD | 3 | rutuja.gaikwad@aressindia.net | 3 |" time="0">
    <error message="no such element: Unable to locate element: {&quot;method&quot;:&quot;xpath&quot;,&quot;selector&quot;:&quot;//iframe[@allowfullscreen=&apos;true&apos;]&quot;}&#10;  (Session info: chrome=72.0.3626.81)&#10;  (Driver info: chromedriver=2.45.615291 (ec3682e3c9061c10f26ea9e5cdcf3c53f3f74387),platform=Windows NT 6.1.7601 SP1 x86_64) (WARNING: The server did not provide any stacktrace information)&#10;Command duration or timeout: 30.00 seconds&#10;For documentation on this error, please visit: http://seleniumhq.org/exceptions/no_such_element.html&#10;Build info: version: &apos;2.45.0&apos;, revision: &apos;5017cb8e7ca8e37638dc3091b2440b90a1d8686f&apos;, time: &apos;2015-02-27 09:10:26&apos;&#10;System info: host: &apos;Machine-102&apos;, ip: &apos;192.168.5.102&apos;, os.name: &apos;Windows 7&apos;, os.arch: &apos;amd64&apos;, os.version: &apos;6.1&apos;, java.version: &apos;1.8.0_161&apos;&#10;Driver info: org.openqa.selenium.chrome.ChromeDriver&#10;Capabilities [{mobileEmulationEnabled=false, timeouts={implicit=0, pageLoad=300000, script=30000}, hasTouchScreen=false, platform=XP, acceptSslCerts=false, goog:chromeOptions={debuggerAddress=localhost:62813}, acceptInsecureCerts=false, webStorageEnabled=true, browserName=chrome, takesScreenshot=true, javascriptEnabled=true, setWindowRect=true, unexpectedAlertBehaviour=ignore, applicationCacheEnabled=false, rotatable=false, networkConnectionEnabled=false, chrome={chromedriverVersion=2.45.615291 (ec3682e3c9061c10f26ea9e5cdcf3c53f3f74387), userDataDir=C:\Users\user\AppData\Local\Temp\scoped_dir5508_28343}, takesHeapSnapshot=true, pageLoadStrategy=normal, strictFileInteractability=false, databaseEnabled=false, handlesAlerts=true, version=72.0.3626.81, browserConnectionEnabled=false, proxy={}, nativeEvents=true, locationContextEnabled=true, cssSelectorsEnabled=true}]&#10;Session ID: 60245d14d5e221fb1ddade7e50cd222b&#10;*** Element info: {Using=xpath, value=//iframe[@allowfullscreen=&apos;true&apos;]}" type="org.openqa.selenium.NoSuchElementException">org.openqa.selenium.NoSuchElementException: 
no such element: Unable to locate element: {"method":"xpath","selector":"//iframe[@allowfullscreen='true']"}
  (Session info: chrome=72.0.3626.81)
  (Driver info: chromedriver=2.45.615291 (ec3682e3c9061c10f26ea9e5cdcf3c53f3f74387),platform=Windows NT 6.1.7601 SP1 x86_64) (WARNING: The server did not provide any stacktrace information)
Command duration or timeout: 30.00 seconds
For documentation on this error, please visit: http://seleniumhq.org/exceptions/no_such_element.html
Build info: version: '2.45.0', revision: '5017cb8e7ca8e37638dc3091b2440b90a1d8686f', time: '2015-02-27 09:10:26'
System info: host: 'Machine-102', ip: '192.168.5.102', os.name: 'Windows 7', os.arch: 'amd64', os.version: '6.1', java.version: '1.8.0_161'
Driver info: org.openqa.selenium.chrome.ChromeDriver
Capabilities [{mobileEmulationEnabled=false, timeouts={implicit=0, pageLoad=300000, script=30000}, hasTouchScreen=false, platform=XP, acceptSslCerts=false, goog:chromeOptions={debuggerAddress=localhost:62813}, acceptInsecureCerts=false, webStorageEnabled=true, browserName=chrome, takesScreenshot=true, javascriptEnabled=true, setWindowRect=true, unexpectedAlertBehaviour=ignore, applicationCacheEnabled=false, rotatable=false, networkConnectionEnabled=false, chrome={chromedriverVersion=2.45.615291 (ec3682e3c9061c10f26ea9e5cdcf3c53f3f74387), userDataDir=C:\Users\user\AppData\Local\Temp\scoped_dir5508_28343}, takesHeapSnapshot=true, pageLoadStrategy=normal, strictFileInteractability=false, databaseEnabled=false, handlesAlerts=true, version=72.0.3626.81, browserConnectionEnabled=false, proxy={}, nativeEvents=true, locationContextEnabled=true, cssSelectorsEnabled=true}]
Session ID: 60245d14d5e221fb1ddade7e50cd222b
*** Element info: {Using=xpath, value=//iframe[@allowfullscreen='true']}
</error>
  </testcase>
  <testcase name="| pritam.survey@aress.com | Aress12345$ | Testing | qwertyuiui | 1 | rate your | rate your year | 1 | GOOD | 3 | rutuja.gaikwad@aressindia.net | 3 |" classname="| pritam.survey@aress.com | Aress12345$ | Testing | qwertyuiui | 1 | rate your | rate your year | 1 | GOOD | 3 | rutuja.gaikwad@aressindia.net | 3 |" time="0">
    <error message="no such element: Unable to locate element: {&quot;method&quot;:&quot;xpath&quot;,&quot;selector&quot;:&quot;//iframe[@allowfullscreen=&apos;true&apos;]&quot;}&#10;  (Session info: chrome=72.0.3626.81)&#10;  (Driver info: chromedriver=2.45.615291 (ec3682e3c9061c10f26ea9e5cdcf3c53f3f74387),platform=Windows NT 6.1.7601 SP1 x86_64) (WARNING: The server did not provide any stacktrace information)&#10;Command duration or timeout: 30.00 seconds&#10;For documentation on this error, please visit: http://seleniumhq.org/exceptions/no_such_element.html&#10;Build info: version: &apos;2.45.0&apos;, revision: &apos;5017cb8e7ca8e37638dc3091b2440b90a1d8686f&apos;, time: &apos;2015-02-27 09:10:26&apos;&#10;System info: host: &apos;Machine-102&apos;, ip: &apos;192.168.5.102&apos;, os.name: &apos;Windows 7&apos;, os.arch: &apos;amd64&apos;, os.version: &apos;6.1&apos;, java.version: &apos;1.8.0_161&apos;&#10;Driver info: org.openqa.selenium.chrome.ChromeDriver&#10;Capabilities [{mobileEmulationEnabled=false, timeouts={implicit=0, pageLoad=300000, script=30000}, hasTouchScreen=false, platform=XP, acceptSslCerts=false, goog:chromeOptions={debuggerAddress=localhost:62813}, acceptInsecureCerts=false, webStorageEnabled=true, browserName=chrome, takesScreenshot=true, javascriptEnabled=true, setWindowRect=true, unexpectedAlertBehaviour=ignore, applicationCacheEnabled=false, rotatable=false, networkConnectionEnabled=false, chrome={chromedriverVersion=2.45.615291 (ec3682e3c9061c10f26ea9e5cdcf3c53f3f74387), userDataDir=C:\Users\user\AppData\Local\Temp\scoped_dir5508_28343}, takesHeapSnapshot=true, pageLoadStrategy=normal, strictFileInteractability=false, databaseEnabled=false, handlesAlerts=true, version=72.0.3626.81, browserConnectionEnabled=false, proxy={}, nativeEvents=true, locationContextEnabled=true, cssSelectorsEnabled=true}]&#10;Session ID: 60245d14d5e221fb1ddade7e50cd222b&#10;*** Element info: {Using=xpath, value=//iframe[@allowfullscreen=&apos;true&apos;]}" type="org.openqa.selenium.NoSuchElementException">org.openqa.selenium.NoSuchElementException: 
no such element: Unable to locate element: {"method":"xpath","selector":"//iframe[@allowfullscreen='true']"}
  (Session info: chrome=72.0.3626.81)
  (Driver info: chromedriver=2.45.615291 (ec3682e3c9061c10f26ea9e5cdcf3c53f3f74387),platform=Windows NT 6.1.7601 SP1 x86_64) (WARNING: The server did not provide any stacktrace information)
Command duration or timeout: 30.00 seconds
For documentation on this error, please visit: http://seleniumhq.org/exceptions/no_such_element.html
Build info: version: '2.45.0', revision: '5017cb8e7ca8e37638dc3091b2440b90a1d8686f', time: '2015-02-27 09:10:26'
System info: host: 'Machine-102', ip: '192.168.5.102', os.name: 'Windows 7', os.arch: 'amd64', os.version: '6.1', java.version: '1.8.0_161'
Driver info: org.openqa.selenium.chrome.ChromeDriver
Capabilities [{mobileEmulationEnabled=false, timeouts={implicit=0, pageLoad=300000, script=30000}, hasTouchScreen=false, platform=XP, acceptSslCerts=false, goog:chromeOptions={debuggerAddress=localhost:62813}, acceptInsecureCerts=false, webStorageEnabled=true, browserName=chrome, takesScreenshot=true, javascriptEnabled=true, setWindowRect=true, unexpectedAlertBehaviour=ignore, applicationCacheEnabled=false, rotatable=false, networkConnectionEnabled=false, chrome={chromedriverVersion=2.45.615291 (ec3682e3c9061c10f26ea9e5cdcf3c53f3f74387), userDataDir=C:\Users\user\AppData\Local\Temp\scoped_dir5508_28343}, takesHeapSnapshot=true, pageLoadStrategy=normal, strictFileInteractability=false, databaseEnabled=false, handlesAlerts=true, version=72.0.3626.81, browserConnectionEnabled=false, proxy={}, nativeEvents=true, locationContextEnabled=true, cssSelectorsEnabled=true}]
Session ID: 60245d14d5e221fb1ddade7e50cd222b
*** Element info: {Using=xpath, value=//iframe[@allowfullscreen='true']}
</error>
  </testcase>
  <testcase name="Then Enter title for the survey Testing" classname="| pritam.survey@aress.com | Aress12345$ | Testing | qwertyuiui | 1 | rate your | rate your year | 1 | GOOD | 3 | rutuja.gaikwad@aressindia.net | 3 |" time="0">
    <skipped/>
  </testcase>
  <testcase name="Then Enter description qwertyuiui" classname="| pritam.survey@aress.com | Aress12345$ | Testing | qwertyuiui | 1 | rate your | rate your year | 1 | GOOD | 3 | rutuja.gaikwad@aressindia.net | 3 |" time="0">
    <skipped/>
  </testcase>
  <testcase name="Then Enter expiration days 1" classname="| pritam.survey@aress.com | Aress12345$ | Testing | qwertyuiui | 1 | rate your | rate your year | 1 | GOOD | 3 | rutuja.gaikwad@aressindia.net | 3 |" time="0">
    <skipped/>
  </testcase>
  <testcase name="Then Select date" classname="| pritam.survey@aress.com | Aress12345$ | Testing | qwertyuiui | 1 | rate your | rate your year | 1 | GOOD | 3 | rutuja.gaikwad@aressindia.net | 3 |" time="0">
    <skipped/>
  </testcase>
  <testcase name="Then Click on Next button" classname="| pritam.survey@aress.com | Aress12345$ | Testing | qwertyuiui | 1 | rate your | rate your year | 1 | GOOD | 3 | rutuja.gaikwad@aressindia.net | 3 |" time="0">
    <skipped/>
  </testcase>
  <testcase name="Then Click on Next button" classname="| pritam.survey@aress.com | Aress12345$ | Testing | qwertyuiui | 1 | rate your | rate your year | 1 | GOOD | 3 | rutuja.gaikwad@aressindia.net | 3 |" time="0">
    <skipped/>
  </testcase>
  <testcase name="Then Click on select questions from library" classname="| pritam.survey@aress.com | Aress12345$ | Testing | qwertyuiui | 1 | rate your | rate your year | 1 | GOOD | 3 | rutuja.gaikwad@aressindia.net | 3 |" time="0">
    <skipped/>
  </testcase>
  <testcase name="Then Enter text to search the question from library rate your" classname="| pritam.survey@aress.com | Aress12345$ | Testing | qwertyuiui | 1 | rate your | rate your year | 1 | GOOD | 3 | rutuja.gaikwad@aressindia.net | 3 |" time="0">
    <skipped/>
  </testcase>
  <testcase name="Then Click on filter" classname="| pritam.survey@aress.com | Aress12345$ | Testing | qwertyuiui | 1 | rate your | rate your year | 1 | GOOD | 3 | rutuja.gaikwad@aressindia.net | 3 |" time="0">
    <skipped/>
  </testcase>
  <testcase name="Then Select first question" classname="| pritam.survey@aress.com | Aress12345$ | Testing | qwertyuiui | 1 | rate your | rate your year | 1 | GOOD | 3 | rutuja.gaikwad@aressindia.net | 3 |" time="0">
    <skipped/>
  </testcase>
  <testcase name="Then Select second question" classname="| pritam.survey@aress.com | Aress12345$ | Testing | qwertyuiui | 1 | rate your | rate your year | 1 | GOOD | 3 | rutuja.gaikwad@aressindia.net | 3 |" time="0">
    <skipped/>
  </testcase>
  <testcase name="Then Select third question" classname="| pritam.survey@aress.com | Aress12345$ | Testing | qwertyuiui | 1 | rate your | rate your year | 1 | GOOD | 3 | rutuja.gaikwad@aressindia.net | 3 |" time="0">
    <skipped/>
  </testcase>
  <testcase name="Then Click on assign question" classname="| pritam.survey@aress.com | Aress12345$ | Testing | qwertyuiui | 1 | rate your | rate your year | 1 | GOOD | 3 | rutuja.gaikwad@aressindia.net | 3 |" time="0">
    <skipped/>
  </testcase>
  <testcase name="Then Click on Create new question" classname="| pritam.survey@aress.com | Aress12345$ | Testing | qwertyuiui | 1 | rate your | rate your year | 1 | GOOD | 3 | rutuja.gaikwad@aressindia.net | 3 |" time="0">
    <skipped/>
  </testcase>
  <testcase name="Then Enter question title rate your year" classname="| pritam.survey@aress.com | Aress12345$ | Testing | qwertyuiui | 1 | rate your | rate your year | 1 | GOOD | 3 | rutuja.gaikwad@aressindia.net | 3 |" time="0">
    <skipped/>
  </testcase>
  <testcase name="Then Select type of question multiselect" classname="| pritam.survey@aress.com | Aress12345$ | Testing | qwertyuiui | 1 | rate your | rate your year | 1 | GOOD | 3 | rutuja.gaikwad@aressindia.net | 3 |" time="0">
    <skipped/>
  </testcase>
  <testcase name="Then Click on add options" classname="| pritam.survey@aress.com | Aress12345$ | Testing | qwertyuiui | 1 | rate your | rate your year | 1 | GOOD | 3 | rutuja.gaikwad@aressindia.net | 3 |" time="0">
    <skipped/>
  </testcase>
  <testcase name="Then Enter option name GOOD" classname="| pritam.survey@aress.com | Aress12345$ | Testing | qwertyuiui | 1 | rate your | rate your year | 1 | GOOD | 3 | rutuja.gaikwad@aressindia.net | 3 |" time="0">
    <skipped/>
  </testcase>
  <testcase name="Then Select Score as 4 from dropdown 3" classname="| pritam.survey@aress.com | Aress12345$ | Testing | qwertyuiui | 1 | rate your | rate your year | 1 | GOOD | 3 | rutuja.gaikwad@aressindia.net | 3 |" time="0">
    <skipped/>
  </testcase>
  <testcase name="Then Click on create question" classname="| pritam.survey@aress.com | Aress12345$ | Testing | qwertyuiui | 1 | rate your | rate your year | 1 | GOOD | 3 | rutuja.gaikwad@aressindia.net | 3 |" time="0">
    <skipped/>
  </testcase>
  <testcase name="Then Click on Back to Survey question List" classname="| pritam.survey@aress.com | Aress12345$ | Testing | qwertyuiui | 1 | rate your | rate your year | 1 | GOOD | 3 | rutuja.gaikwad@aressindia.net | 3 |" time="0">
    <skipped/>
  </testcase>
  <testcase name="Then Navigate to custom email tab" classname="| pritam.survey@aress.com | Aress12345$ | Testing | qwertyuiui | 1 | rate your | rate your year | 1 | GOOD | 3 | rutuja.gaikwad@aressindia.net | 3 |" time="0">
    <skipped/>
  </testcase>
  <testcase name="Then Enter email ID rutuja.gaikwad@aressindia.net" classname="| pritam.survey@aress.com | Aress12345$ | Testing | qwertyuiui | 1 | rate your | rate your year | 1 | GOOD | 3 | rutuja.gaikwad@aressindia.net | 3 |" time="0">
    <skipped/>
  </testcase>
  <testcase name="Then Click on Next to send survey page" classname="| pritam.survey@aress.com | Aress12345$ | Testing | qwertyuiui | 1 | rate your | rate your year | 1 | GOOD | 3 | rutuja.gaikwad@aressindia.net | 3 |" time="0">
    <skipped/>
  </testcase>
  <testcase name="Then Click on send survey button" classname="| pritam.survey@aress.com | Aress12345$ | Testing | qwertyuiui | 1 | rate your | rate your year | 1 | GOOD | 3 | rutuja.gaikwad@aressindia.net | 3 |" time="0">
    <skipped/>
  </testcase>
  <testcase name="Then verify the success response" classname="| pritam.survey@aress.com | Aress12345$ | Testing | qwertyuiui | 1 | rate your | rate your year | 1 | GOOD | 3 | rutuja.gaikwad@aressindia.net | 3 |" time="0">
    <skipped/>
  </testcase>
</testsuite>